<?xml version="1.0" encoding="UTF-8"?>
<!-- Generated by org.testng.reporters.JUnitReportReporter -->
<testsuite hostname="197BLRNB22854" failures="0" tests="1" name="comparator.comapreLibrary.tests.ApiComparatorFlow" time="7.529" errors="0" timestamp="26 Aug 2020 05:33:38 GMT" skipped="0">
  <testcase classname="comparator.comapreLibrary.tests.ApiComparatorFlow" name="comapreFlow" time="7.529"/>
</testsuite> <!-- comparator.comapreLibrary.tests.ApiComparatorFlow -->
